-------------------------------------------------------------------------------
Test set: org.apache.directory.scim.server.patch.PatchOperationsUnitTest
-------------------------------------------------------------------------------
Tests run: 27, Failures: 0, Errors: 1, Skipped: 0, Time elapsed: 4.82 s <<< FAILURE! - in org.apache.directory.scim.server.patch.PatchOperationsUnitTest
apply_targetLocationSpecifiesMultiValuedNoFilter_successfullyPatched{PatchArgs}[1]  Time elapsed: 0.544 s  <<< ERROR!
org.apache.directory.scim.spec.protocol.exception.ScimException
	at org.apache.directory.scim.server.patch.PatchOperationsUnitTest.applyPatch(PatchOperationsUnitTest.java:424)
	at org.apache.directory.scim.server.patch.PatchOperationsUnitTest.apply_targetLocationSpecifiesMultiValuedNoFilter_successfullyPatched(PatchOperationsUnitTest.java:282)

