<?xml version="1.0" encoding="UTF-8"?>
<testsuite xmlns:xsi="http://www.w3.org/2001/XMLSchema-instance" xsi:noNamespaceSchemaLocation="https://maven.apache.org/surefire/maven-surefire-plugin/xsd/surefire-test-report.xsd" name="org.apache.directory.scim.server.patch.PatchOperationsUnitTest" time="4.82" tests="27" errors="1" skipped="0" failures="0">
  <properties>
[...]
</properties>
  <testcase name="apply_targetLocationSpecifiesMultiValuedNoFilter_successfullyPatched{PatchArgs}[1]" classname="org.apache.directory.scim.server.patch.PatchOperationsUnitTest" time="0.544">
    <error type="org.apache.directory.scim.spec.protocol.exception.ScimException">org.apache.directory.scim.spec.protocol.exception.ScimException
	at org.apache.directory.scim.server.patch.PatchOperationsUnitTest.applyPatch(PatchOperationsUnitTest.java:424)
	at org.apache.directory.scim.server.patch.PatchOperationsUnitTest.apply_targetLocationSpecifiesMultiValuedNoFilter_successfullyPatched(PatchOperationsUnitTest.java:282)
</error>
    <system-err><![CDATA[[main] INFO org.apache.directory.scim.test.ScimTestHelper - Creating SCIM Registry took 1586 ms  to process
[main] INFO org.apache.directory.scim.server.patch.PatchOperations - Applying Patch Operation 'REPLACE' for attribute 'addresses'
[main] INFO org.apache.directory.scim.server.patch.PatchOperations - Multi-Valued Attribute: addresses Sub-Attribute: <none> isMultiValued: true Type: COMPLEX
[main] INFO org.apache.directory.scim.server.patch.PatchOperations - Processed REPLACE Patch operation for attribute addresses took 258 ms to process
[main] INFO org.apache.directory.scim.server.patch.PatchOperations - Processed 1 Patch operation(s) in 293 ms.
]]></system-err>
  </testcase>
  <testcase name="apply_targetLocationSpecifiesComplexAttribute_successfullyPatched{PatchArgs}[1]" classname="org.apache.directory.scim.server.patch.PatchOperationsUnitTest" time="0.162"/>
  <testcase name="apply_targetLocationSpecifiesComplexAttribute_successfullyPatched{PatchArgs}[2]" classname="org.apache.directory.scim.server.patch.PatchOperationsUnitTest" time="0.021"/>
  <testcase name="apply_multipleMultiValuedPrimaryEqualToTrue_onlyOnePrimaryEqualToTrue[1]" classname="org.apache.directory.scim.server.patch.PatchOperationsUnitTest" time="0.143"/>
  <testcase name="apply_multipleMultiValuedPrimaryEqualToTrue_onlyOnePrimaryEqualToTrue[2]" classname="org.apache.directory.scim.server.patch.PatchOperationsUnitTest" time="0.041"/>
  <testcase name="apply_noTargetFilterNoMatch_throwsScimException{Type}[1]" classname="org.apache.directory.scim.server.patch.PatchOperationsUnitTest" time="0.012"/>
  <testcase name="apply_targetLocationDoesNotExists_successfullyPatched{PatchArgs}[1]" classname="org.apache.directory.scim.server.patch.PatchOperationsUnitTest" time="0.012"/>
  <testcase name="apply_targetLocationDoesNotExists_successfullyPatched{PatchArgs}[2]" classname="org.apache.directory.scim.server.patch.PatchOperationsUnitTest" time="0.017"/>
  <testcase name="apply_targetLocationDoesNotExists_successfullyPatched{PatchArgs}[3]" classname="org.apache.directory.scim.server.patch.PatchOperationsUnitTest" time="0.017"/>
  <testcase name="apply_targetLocationDoesNotExists_successfullyPatched{PatchArgs}[4]" classname="org.apache.directory.scim.server.patch.PatchOperationsUnitTest" time="0.018"/>
  <testcase name="apply_targetLocationDoesNotExists_successfullyPatched{PatchArgs}[5]" classname="org.apache.directory.scim.server.patch.PatchOperationsUnitTest" time="0.018"/>
  <testcase name="apply_targetLocationDoesNotExists_successfullyPatched{PatchArgs}[6]" classname="org.apache.directory.scim.server.patch.PatchOperationsUnitTest" time="0.293"/>
  <testcase name="apply_targetLocationDoesNotExists_successfullyPatched{PatchArgs}[7]" classname="org.apache.directory.scim.server.patch.PatchOperationsUnitTest" time="0.015"/>
  <testcase name="apply_targetLocationDoesNotExists_successfullyPatched{PatchArgs}[8]" classname="org.apache.directory.scim.server.patch.PatchOperationsUnitTest" time="0.014"/>
  <testcase name="apply_targetLocationDoesNotExists_successfullyPatched{PatchArgs}[9]" classname="org.apache.directory.scim.server.patch.PatchOperationsUnitTest" time="0.014"/>
  <testcase name="apply_targetLocationDoesNotExists_successfullyPatched{PatchArgs}[10]" classname="org.apache.directory.scim.server.patch.PatchOperationsUnitTest" time="0.015"/>
  <testcase name="apply_invalidPath_throwsScimException{Type}[1]" classname="org.apache.directory.scim.server.patch.PatchOperationsUnitTest" time="0.009"/>
  <testcase name="apply_invalidPath_throwsScimException{Type}[2]" classname="org.apache.directory.scim.server.patch.PatchOperationsUnitTest" time="0.01"/>
  <testcase name="apply_invalidPath_throwsScimException{Type}[3]" classname="org.apache.directory.scim.server.patch.PatchOperationsUnitTest" time="0.012"/>
  <testcase name="apply_noTargetNotSpecified_throwsScimException{Type}[1]" classname="org.apache.directory.scim.server.patch.PatchOperationsUnitTest" time="0.004"/>
  <testcase name="apply_omittedTargetLocation_successfullyPatched{PatchArgs}[1]" classname="org.apache.directory.scim.server.patch.PatchOperationsUnitTest" time="0.013"/>
  <testcase name="apply_omittedTargetLocation_successfullyPatched{PatchArgs}[2]" classname="org.apache.directory.scim.server.patch.PatchOperationsUnitTest" time="0.009"/>
  <testcase name="apply_invalidSyntax_throwsScimException" classname="org.apache.directory.scim.server.patch.PatchOperationsUnitTest" time="0"/>
  <testcase name="apply_targetLocationSpecifiesMultiValuedComplexAttribute_successfullyPatched{PatchArgs}[1]" classname="org.apache.directory.scim.server.patch.PatchOperationsUnitTest" time="0.011"/>
  <testcase name="apply_invalidScimResource_throwsScimException{Type}[1]" classname="org.apache.directory.scim.server.patch.PatchOperationsUnitTest" time="0"/>
  <testcase name="apply_invalidScimResource_throwsScimException{Type}[2]" classname="org.apache.directory.scim.server.patch.PatchOperationsUnitTest" time="0"/>
  <testcase name="apply_invalidScimResource_throwsScimException{Type}[3]" classname="org.apache.directory.scim.server.patch.PatchOperationsUnitTest" time="0"/>
</testsuite>